Release 14.3 - ngc2edif P.40xd (nt64)
Copyright (c) 1995-2012 Xilinx, Inc.  All rights reserved.
Reading design ppmem.ngc ...
WARNING:NetListWriters:298 - No output is written to ppmem.xncf, ignored.
Processing design ...
   Preping design's networks ...
   Preping design's macros ...
  finished :Prep
Writing EDIF netlist file ppmem.edif ...
ngc2edif: Total memory usage is 78336 kilobytes

Release 14.3 - ngc2edif P.40xd (nt64)
Copyright (c) 1995-2012 Xilinx, Inc.  All rights reserved.
Reading design counter2b.ngc ...
WARNING:NetListWriters:298 - No output is written to counter2b.xncf, ignored.
Processing design ...
   Preping design's networks ...
   Preping design's macros ...
  finished :Prep
Writing EDIF netlist file counter2b.edif ...
ngc2edif: Total memory usage is 78336 kilobytes

Release 14.3 - ngc2edif P.40xd (nt64)
Copyright (c) 1995-2012 Xilinx, Inc.  All rights reserved.
Reading design counter4b.ngc ...
WARNING:NetListWriters:298 - No output is written to counter4b.xncf, ignored.
Processing design ...
   Preping design's networks ...
   Preping design's macros ...
  finished :Prep
Writing EDIF netlist file counter4b.edif ...
ngc2edif: Total memory usage is 78336 kilobytes

Release 14.3 - ngc2edif P.40xd (nt64)
Copyright (c) 1995-2012 Xilinx, Inc.  All rights reserved.
Reading design ramW64D2.ngc ...
WARNING:NetListWriters:298 - No output is written to ramW64D2.xncf, ignored.
Processing design ...
   Preping design's networks ...
   Preping design's macros ...
  finished :Prep
Writing EDIF netlist file ramW64D2.edif ...
ngc2edif: Total memory usage is 77312 kilobytes

Release 14.3 - ngc2edif P.40xd (nt64)
Copyright (c) 1995-2012 Xilinx, Inc.  All rights reserved.
Reading design okCore.ngc ...
WARNING:NetListWriters:298 - No output is written to okCore.xncf, ignored.
Processing design ...
   Preping design's networks ...
   Preping design's macros ...
WARNING:NetListWriters:306 - Signal bus Madd_ti_addr_addsub0000_cy<5 : 2> on
   block okCore is not reconstructed, because there are some missing bus
   signals.
  finished :Prep
Writing EDIF netlist file okCore.edif ...
ngc2edif: Total memory usage is 78336 kilobytes

Release 14.3 - ngc2edif P.40xd (nt64)
Copyright (c) 1995-2012 Xilinx, Inc.  All rights reserved.
Reading design okWireIn.ngc ...
WARNING:NetListWriters:298 - No output is written to okWireIn.xncf, ignored.
Processing design ...
   Preping design's networks ...
   Preping design's macros ...
  finished :Prep
Writing EDIF netlist file okWireIn.edif ...
ngc2edif: Total memory usage is 78336 kilobytes

Release 14.3 - ngc2edif P.40xd (nt64)
Copyright (c) 1995-2012 Xilinx, Inc.  All rights reserved.
Reading design okTriggerIn.ngc ...
WARNING:NetListWriters:298 - No output is written to okTriggerIn.xncf, ignored.
Processing design ...
   Preping design's networks ...
   Preping design's macros ...
  finished :Prep
Writing EDIF netlist file okTriggerIn.edif ...
ngc2edif: Total memory usage is 78272 kilobytes

Release 14.3 - ngc2edif P.40xd (nt64)
Copyright (c) 1995-2012 Xilinx, Inc.  All rights reserved.
Reading design okPipeIn.ngc ...
WARNING:NetListWriters:298 - No output is written to okPipeIn.xncf, ignored.
Processing design ...
   Preping design's networks ...
   Preping design's macros ...
  finished :Prep
Writing EDIF netlist file okPipeIn.edif ...
ngc2edif: Total memory usage is 77824 kilobytes

Release 14.3 - ngc2edif P.40xd (nt64)
Copyright (c) 1995-2012 Xilinx, Inc.  All rights reserved.
Reading design okPipeOut.ngc ...
WARNING:NetListWriters:298 - No output is written to okPipeOut.xncf, ignored.
Processing design ...
   Preping design's networks ...
   Preping design's macros ...
  finished :Prep
Writing EDIF netlist file okPipeOut.edif ...
ngc2edif: Total memory usage is 78016 kilobytes

Release 14.3 - ngc2edif P.40xd (nt64)
Copyright (c) 1995-2012 Xilinx, Inc.  All rights reserved.
Reading design okWireOut.ngc ...
WARNING:NetListWriters:298 - No output is written to okWireOut.xncf, ignored.
Processing design ...
   Preping design's networks ...
   Preping design's macros ...
  finished :Prep
Writing EDIF netlist file okWireOut.edif ...
ngc2edif: Total memory usage is 78336 kilobytes

Release 14.3 - ngc2edif P.40xd (nt64)
Copyright (c) 1995-2012 Xilinx, Inc.  All rights reserved.
Reading design ppmem.ngc ...
WARNING:NetListWriters:298 - No output is written to ppmem.xncf, ignored.
Processing design ...
   Preping design's networks ...
   Preping design's macros ...
  finished :Prep
Writing EDIF netlist file ppmem.edif ...
ngc2edif: Total memory usage is 78304 kilobytes

Release 14.3 - ngc2edif P.40xd (nt64)
Copyright (c) 1995-2012 Xilinx, Inc.  All rights reserved.
Reading design counter2b.ngc ...
WARNING:NetListWriters:298 - No output is written to counter2b.xncf, ignored.
Processing design ...
   Preping design's networks ...
   Preping design's macros ...
  finished :Prep
Writing EDIF netlist file counter2b.edif ...
ngc2edif: Total memory usage is 78304 kilobytes

Release 14.3 - ngc2edif P.40xd (nt64)
Copyright (c) 1995-2012 Xilinx, Inc.  All rights reserved.
Reading design counter4b.ngc ...
WARNING:NetListWriters:298 - No output is written to counter4b.xncf, ignored.
Processing design ...
   Preping design's networks ...
   Preping design's macros ...
  finished :Prep
Writing EDIF netlist file counter4b.edif ...
ngc2edif: Total memory usage is 77984 kilobytes

Release 14.3 - ngc2edif P.40xd (nt64)
Copyright (c) 1995-2012 Xilinx, Inc.  All rights reserved.
Reading design ramW64D2.ngc ...
WARNING:NetListWriters:298 - No output is written to ramW64D2.xncf, ignored.
Processing design ...
   Preping design's networks ...
   Preping design's macros ...
  finished :Prep
Writing EDIF netlist file ramW64D2.edif ...
ngc2edif: Total memory usage is 77728 kilobytes

Release 14.3 - ngc2edif P.40xd (nt64)
Copyright (c) 1995-2012 Xilinx, Inc.  All rights reserved.
Reading design okCore.ngc ...
WARNING:NetListWriters:298 - No output is written to okCore.xncf, ignored.
Processing design ...
   Preping design's networks ...
   Preping design's macros ...
WARNING:NetListWriters:306 - Signal bus Madd_ti_addr_addsub0000_cy<5 : 2> on
   block okCore is not reconstructed, because there are some missing bus
   signals.
  finished :Prep
Writing EDIF netlist file okCore.edif ...
ngc2edif: Total memory usage is 79008 kilobytes

Release 14.3 - ngc2edif P.40xd (nt64)
Copyright (c) 1995-2012 Xilinx, Inc.  All rights reserved.
Reading design okWireIn.ngc ...
WARNING:NetListWriters:298 - No output is written to okWireIn.xncf, ignored.
Processing design ...
   Preping design's networks ...
   Preping design's macros ...
  finished :Prep
Writing EDIF netlist file okWireIn.edif ...
ngc2edif: Total memory usage is 78624 kilobytes

Release 14.3 - ngc2edif P.40xd (nt64)
Copyright (c) 1995-2012 Xilinx, Inc.  All rights reserved.
Reading design okTriggerIn.ngc ...
WARNING:NetListWriters:298 - No output is written to okTriggerIn.xncf, ignored.
Processing design ...
   Preping design's networks ...
   Preping design's macros ...
  finished :Prep
Writing EDIF netlist file okTriggerIn.edif ...
ngc2edif: Total memory usage is 78496 kilobytes

Release 14.3 - ngc2edif P.40xd (nt64)
Copyright (c) 1995-2012 Xilinx, Inc.  All rights reserved.
Reading design okPipeIn.ngc ...
WARNING:NetListWriters:298 - No output is written to okPipeIn.xncf, ignored.
Processing design ...
   Preping design's networks ...
   Preping design's macros ...
  finished :Prep
Writing EDIF netlist file okPipeIn.edif ...
ngc2edif: Total memory usage is 78304 kilobytes

Release 14.3 - ngc2edif P.40xd (nt64)
Copyright (c) 1995-2012 Xilinx, Inc.  All rights reserved.
Reading design okPipeOut.ngc ...
WARNING:NetListWriters:298 - No output is written to okPipeOut.xncf, ignored.
Processing design ...
   Preping design's networks ...
   Preping design's macros ...
  finished :Prep
Writing EDIF netlist file okPipeOut.edif ...
ngc2edif: Total memory usage is 78304 kilobytes

Release 14.3 - ngc2edif P.40xd (nt64)
Copyright (c) 1995-2012 Xilinx, Inc.  All rights reserved.
Reading design okWireOut.ngc ...
WARNING:NetListWriters:298 - No output is written to okWireOut.xncf, ignored.
Processing design ...
   Preping design's networks ...
   Preping design's macros ...
  finished :Prep
Writing EDIF netlist file okWireOut.edif ...
ngc2edif: Total memory usage is 78496 kilobytes

Release 14.6 - ngc2edif P.68d (nt64)
Copyright (c) 1995-2013 Xilinx, Inc.  All rights reserved.
Reading design DDSfirmware.ngc ...
WARNING:NetListWriters:298 - No output is written to DDSfirmware.xncf, ignored.
Processing design ...
   Preping design's networks ...
   Preping design's macros ...
WARNING:NetListWriters:306 - Signal bus correlator/r_State_mux0000<6 : 4> on
   block DDSfirmware is not reconstructed, because there are some missing bus
   signals.
WARNING:NetListWriters:306 - Signal bus ddsdata<29 : 0> on block DDSfirmware is
   not reconstructed, because there are some missing bus signals.
WARNING:NetListWriters:306 - Signal bus pll_con/cc/write_latch<11 : 0> on block
   DDSfirmware is not reconstructed, because there are some missing bus signals.
WARNING:NetListWriters:306 - Signal bus ppseq/CMD<31 : 0> on block DDSfirmware
   is not reconstructed, because there are some missing bus signals.
WARNING:NetListWriters:306 - Signal bus ppseq/CMD_mux0000<31 : 0> on block
   DDSfirmware is not reconstructed, because there are some missing bus signals.
WARNING:NetListWriters:306 - Signal bus rTacCmd<15 : 0> on block DDSfirmware is
   not reconstructed, because there are some missing bus signals.
  finished :Prep
Writing EDIF netlist file DDSfirmware.edif ...
ngc2edif: Total memory usage is 103812 kilobytes

Release 14.6 - ngc2edif P.68d (nt64)
Copyright (c) 1995-2013 Xilinx, Inc.  All rights reserved.
Reading design DDSfirmware.ngc ...
WARNING:NetListWriters:298 - No output is written to DDSfirmware.xncf, ignored.
Processing design ...
   Preping design's networks ...
   Preping design's macros ...
WARNING:NetListWriters:306 - Signal bus correlator/r_State_mux0000<6 : 4> on
   block DDSfirmware is not reconstructed, because there are some missing bus
   signals.
WARNING:NetListWriters:306 - Signal bus ddsdata<29 : 0> on block DDSfirmware is
   not reconstructed, because there are some missing bus signals.
WARNING:NetListWriters:306 - Signal bus pll_con/cc/write_latch<11 : 0> on block
   DDSfirmware is not reconstructed, because there are some missing bus signals.
WARNING:NetListWriters:306 - Signal bus ppseq/CMD<31 : 0> on block DDSfirmware
   is not reconstructed, because there are some missing bus signals.
WARNING:NetListWriters:306 - Signal bus ppseq/CMD_mux0000<31 : 0> on block
   DDSfirmware is not reconstructed, because there are some missing bus signals.
WARNING:NetListWriters:306 - Signal bus rTacCmd<15 : 0> on block DDSfirmware is
   not reconstructed, because there are some missing bus signals.
  finished :Prep
Writing EDIF netlist file DDSfirmware.edif ...
ngc2edif: Total memory usage is 103812 kilobytes

Release 14.6 - ngc2edif P.68d (nt64)
Copyright (c) 1995-2013 Xilinx, Inc.  All rights reserved.
Reading design okCore.ngc ...
WARNING:NetListWriters:298 - No output is written to okCore.xncf, ignored.
Processing design ...
   Preping design's networks ...
   Preping design's macros ...
WARNING:NetListWriters:306 - Signal bus Madd_ti_addr_addsub0000_cy<5 : 2> on
   block okCore is not reconstructed, because there are some missing bus
   signals.
  finished :Prep
Writing EDIF netlist file okCore.edif ...
ngc2edif: Total memory usage is 79108 kilobytes

Release 14.6 - ngc2edif P.68d (nt64)
Copyright (c) 1995-2013 Xilinx, Inc.  All rights reserved.
Reading design okWireOut.ngc ...
WARNING:NetListWriters:298 - No output is written to okWireOut.xncf, ignored.
Processing design ...
   Preping design's networks ...
   Preping design's macros ...
  finished :Prep
Writing EDIF netlist file okWireOut.edif ...
ngc2edif: Total memory usage is 78468 kilobytes

Release 14.6 - ngc2edif P.68d (nt64)
Copyright (c) 1995-2013 Xilinx, Inc.  All rights reserved.
Reading design okWireIn.ngc ...
WARNING:NetListWriters:298 - No output is written to okWireIn.xncf, ignored.
Processing design ...
   Preping design's networks ...
   Preping design's macros ...
  finished :Prep
Writing EDIF netlist file okWireIn.edif ...
ngc2edif: Total memory usage is 78084 kilobytes

Release 14.6 - ngc2edif P.68d (nt64)
Copyright (c) 1995-2013 Xilinx, Inc.  All rights reserved.
Reading design okCore.ngc ...
WARNING:NetListWriters:298 - No output is written to okCore.xncf, ignored.
Processing design ...
   Preping design's networks ...
   Preping design's macros ...
WARNING:NetListWriters:306 - Signal bus Madd_ti_addr_addsub0000_cy<5 : 2> on
   block okCore is not reconstructed, because there are some missing bus
   signals.
  finished :Prep
Writing EDIF netlist file okCore.edif ...
ngc2edif: Total memory usage is 78276 kilobytes

Release 14.6 - ngc2edif P.68d (nt64)
Copyright (c) 1995-2013 Xilinx, Inc.  All rights reserved.
Reading design okTriggerIn.ngc ...
WARNING:NetListWriters:298 - No output is written to okTriggerIn.xncf, ignored.
Processing design ...
   Preping design's networks ...
   Preping design's macros ...
  finished :Prep
Writing EDIF netlist file okTriggerIn.edif ...
ngc2edif: Total memory usage is 78276 kilobytes

Release 14.6 - ngc2edif P.68d (nt64)
Copyright (c) 1995-2013 Xilinx, Inc.  All rights reserved.
Reading design okWireOut.ngc ...
WARNING:NetListWriters:298 - No output is written to okWireOut.xncf, ignored.
Processing design ...
   Preping design's networks ...
   Preping design's macros ...
  finished :Prep
Writing EDIF netlist file okWireOut.edif ...
ngc2edif: Total memory usage is 78212 kilobytes

Release 14.6 - ngc2edif P.68d (nt64)
Copyright (c) 1995-2013 Xilinx, Inc.  All rights reserved.
Reading design okPipeIn.ngc ...
WARNING:NetListWriters:298 - No output is written to okPipeIn.xncf, ignored.
Processing design ...
   Preping design's networks ...
   Preping design's macros ...
  finished :Prep
Writing EDIF netlist file okPipeIn.edif ...
ngc2edif: Total memory usage is 78340 kilobytes

Release 14.6 - ngc2edif P.68d (nt64)
Copyright (c) 1995-2013 Xilinx, Inc.  All rights reserved.
Reading design okWireIn.ngc ...
WARNING:NetListWriters:298 - No output is written to okWireIn.xncf, ignored.
Processing design ...
   Preping design's networks ...
   Preping design's macros ...
  finished :Prep
Writing EDIF netlist file okWireIn.edif ...
ngc2edif: Total memory usage is 78340 kilobytes

Release 14.6 - ngc2edif P.68d (nt64)
Copyright (c) 1995-2013 Xilinx, Inc.  All rights reserved.
Reading design okPipeOut.ngc ...
WARNING:NetListWriters:298 - No output is written to okPipeOut.xncf, ignored.
Processing design ...
   Preping design's networks ...
   Preping design's macros ...
  finished :Prep
Writing EDIF netlist file okPipeOut.edif ...
ngc2edif: Total memory usage is 78276 kilobytes

Release 14.6 - ngc2edif P.68d (nt64)
Copyright (c) 1995-2013 Xilinx, Inc.  All rights reserved.
Reading design okTriggerIn.ngc ...
WARNING:NetListWriters:298 - No output is written to okTriggerIn.xncf, ignored.
Processing design ...
   Preping design's networks ...
   Preping design's macros ...
  finished :Prep
Writing EDIF netlist file okTriggerIn.edif ...
ngc2edif: Total memory usage is 78340 kilobytes

Release 14.6 - ngc2edif P.68d (nt64)
Copyright (c) 1995-2013 Xilinx, Inc.  All rights reserved.
Reading design ppmem.ngc ...
WARNING:NetListWriters:298 - No output is written to ppmem.xncf, ignored.
Processing design ...
   Preping design's networks ...
   Preping design's macros ...
  finished :Prep
Writing EDIF netlist file ppmem.edif ...
ngc2edif: Total memory usage is 79684 kilobytes

Release 14.6 - ngc2edif P.68d (nt64)
Copyright (c) 1995-2013 Xilinx, Inc.  All rights reserved.
Reading design okPipeIn.ngc ...
WARNING:NetListWriters:298 - No output is written to okPipeIn.xncf, ignored.
Processing design ...
   Preping design's networks ...
   Preping design's macros ...
  finished :Prep
Writing EDIF netlist file okPipeIn.edif ...
ngc2edif: Total memory usage is 77956 kilobytes

Release 14.6 - ngc2edif P.68d (nt64)
Copyright (c) 1995-2013 Xilinx, Inc.  All rights reserved.
Reading design okPipeOut.ngc ...
WARNING:NetListWriters:298 - No output is written to okPipeOut.xncf, ignored.
Processing design ...
   Preping design's networks ...
   Preping design's macros ...
  finished :Prep
Writing EDIF netlist file okPipeOut.edif ...
ngc2edif: Total memory usage is 78276 kilobytes

Release 14.6 - ngc2edif P.68d (nt64)
Copyright (c) 1995-2013 Xilinx, Inc.  All rights reserved.
Reading design ppmem.ngc ...
WARNING:NetListWriters:298 - No output is written to ppmem.xncf, ignored.
Processing design ...
   Preping design's networks ...
   Preping design's macros ...
  finished :Prep
Writing EDIF netlist file ppmem.edif ...
ngc2edif: Total memory usage is 79364 kilobytes

