=====================
Opened log file
=====================
Xilinx Platform Studio (XPS)
Xilinx EDK 13.1 Build EDK_O.40d

Xilinx EDK 13.1 Build EDK_O.40d

Copied /opt/Xilinx/13.1/ISE_DS/EDK/data/xflow/bitgen_spartan3.ut to etc
directory
Copied file /opt/Xilinx/13.1/ISE_DS/EDK/data/xflow/fast_runtime.opt to etc
directory
Created backup of etc/bitgen.ut to etc/bitgen.ut.virtex5
Copied /opt/Xilinx/13.1/ISE_DS/EDK/data/xflow/bitgen_spartan3.ut to etc
directory
Created backup of etc/fast_runtime.opt to etc/fast_runtime.opt.virtex5
Copied file /opt/Xilinx/13.1/ISE_DS/EDK/data/xflow/fast_runtime.opt to etc
directory
No changes to be saved in MHS file
Saved project XMP file
Saved Make file
=====================
Opened log file
=====================
Xilinx Platform Studio (XPS)
Xilinx EDK 13.1 Build EDK_O.40d

Xilinx EDK 13.1 Build EDK_O.40d

No changes to be saved in MHS file
Saved project XMP file
Saved Make file
